<?xml version="1.0" encoding="UTF-8"?>
<!-- Generated by org.testng.reporters.JUnitXMLReporter -->
<testsuite ignored="0" hostname="Pralay" failures="0" tests="3" name="Test" time="200.907" errors="0" timestamp="2023-08-31T19:52:50 IST">
  <testcase classname="com.actitime.testcases.TC3_CreateWorkLogout" name="creatework" time="72.244"/>
  <testcase classname="com.actitime.testcases.TC2_CreateCustomerLogout" name="createCustomer" time="49.38"/>
  <testcase classname="com.actitime.testcases.TC1_ActitimeLoginLogout" name="loginlogout" time="20.758"/>
</testsuite> <!-- Test -->
