<?xml version="1.0" encoding="UTF-8"?>
<testng-results ignored="0" total="3" passed="3" failed="0" skipped="0">
  <reporter-output>
    <line>
      <![CDATA[both titles are matching]]>
    </line>
  </reporter-output>
  <suite started-at="2023-08-31T19:49:30 IST" name="Suite" finished-at="2023-08-31T19:52:50 IST" duration-ms="200907">
    <groups>
    </groups>
    <test started-at="2023-08-31T19:49:30 IST" name="Test" finished-at="2023-08-31T19:52:50 IST" duration-ms="200907">
      <class name="com.actitime.testcases.TC2_CreateCustomerLogout">
        <test-method is-config="true" signature="setup()[pri:0, instance:com.actitime.testcases.TC2_CreateCustomerLogout@49139829]" started-at="2023-08-31T19:51:11 IST" name="setup" finished-at="2023-08-31T19:51:22 IST" duration-ms="10747" status="PASS">
          <reporter-output>
          </reporter-output>
        </test-method> <!-- setup -->
        <test-method signature="createCustomer()[pri:0, instance:com.actitime.testcases.TC2_CreateCustomerLogout@49139829]" started-at="2023-08-31T19:51:22 IST" name="createCustomer" finished-at="2023-08-31T19:52:12 IST" duration-ms="49380" status="PASS">
          <reporter-output>
          </reporter-output>
        </test-method> <!-- createCustomer -->
        <test-method is-config="true" signature="teardown()[pri:0, instance:com.actitime.testcases.TC2_CreateCustomerLogout@49139829]" started-at="2023-08-31T19:52:12 IST" name="teardown" finished-at="2023-08-31T19:52:12 IST" duration-ms="434" status="PASS">
          <reporter-output>
          </reporter-output>
        </test-method> <!-- teardown -->
      </class> <!-- com.actitime.testcases.TC2_CreateCustomerLogout -->
      <class name="com.actitime.testcases.TC1_ActitimeLoginLogout">
        <test-method is-config="true" signature="setup()[pri:0, instance:com.actitime.testcases.TC1_ActitimeLoginLogout@9597028]" started-at="2023-08-31T19:52:12 IST" name="setup" finished-at="2023-08-31T19:52:29 IST" duration-ms="17252" status="PASS">
          <reporter-output>
          </reporter-output>
        </test-method> <!-- setup -->
        <test-method signature="loginlogout()[pri:0, instance:com.actitime.testcases.TC1_ActitimeLoginLogout@9597028]" started-at="2023-08-31T19:52:29 IST" name="loginlogout" finished-at="2023-08-31T19:52:50 IST" duration-ms="20758" status="PASS">
          <reporter-output>
            <line>
              <![CDATA[both titles are matching]]>
            </line>
          </reporter-output>
        </test-method> <!-- loginlogout -->
        <test-method is-config="true" signature="teardown()[pri:0, instance:com.actitime.testcases.TC1_ActitimeLoginLogout@9597028]" started-at="2023-08-31T19:52:50 IST" name="teardown" finished-at="2023-08-31T19:52:50 IST" duration-ms="438" status="PASS">
          <reporter-output>
          </reporter-output>
        </test-method> <!-- teardown -->
      </class> <!-- com.actitime.testcases.TC1_ActitimeLoginLogout -->
      <class name="com.actitime.testcases.TC3_CreateWorkLogout">
        <test-method is-config="true" signature="setup()[pri:0, instance:com.actitime.testcases.TC3_CreateWorkLogout@2b662a77]" started-at="2023-08-31T19:49:30 IST" name="setup" finished-at="2023-08-31T19:49:59 IST" duration-ms="29101" status="PASS">
          <reporter-output>
          </reporter-output>
        </test-method> <!-- setup -->
        <test-method signature="creatework()[pri:0, instance:com.actitime.testcases.TC3_CreateWorkLogout@2b662a77]" started-at="2023-08-31T19:49:59 IST" name="creatework" finished-at="2023-08-31T19:51:11 IST" duration-ms="72244" status="PASS">
          <reporter-output>
          </reporter-output>
        </test-method> <!-- creatework -->
        <test-method is-config="true" signature="teardown()[pri:0, instance:com.actitime.testcases.TC3_CreateWorkLogout@2b662a77]" started-at="2023-08-31T19:51:11 IST" name="teardown" finished-at="2023-08-31T19:51:11 IST" duration-ms="495" status="PASS">
          <reporter-output>
          </reporter-output>
        </test-method> <!-- teardown -->
      </class> <!-- com.actitime.testcases.TC3_CreateWorkLogout -->
    </test> <!-- Test -->
  </suite> <!-- Suite -->
</testng-results>
